<?xml version='1.0' encoding='utf-8'?>
<testsuites name="ETL Test Results" timestamp="2026-01-20T14:52:57.742091" tests="12" failures="4" time="1.6065962314605713"><testsuite name="DATABASE" tests="2" failures="2" time="0.0005440711975097656"><testcase name="DB_01" classname="DATABASE" time="0.0002918243408203125"><failure message="Expected: EQUAL, Got: [&lt;sqlite3.Row object at 0x000001EAD1151C00&gt;]">Expected: EQUAL, Got: [&lt;sqlite3.Row object at 0x000001EAD1151C00&gt;]</failure></testcase><testcase name="DB_02" classname="DATABASE" time="0.0002522468566894531"><failure message="Expected: NOT_EQUAL, Got: [&lt;sqlite3.Row object at 0x000001EAD1151F60&gt;]">Expected: NOT_EQUAL, Got: [&lt;sqlite3.Row object at 0x000001EAD1151F60&gt;]</failure></testcase></testsuite><testsuite name="API" tests="2" failures="1" time="0.9398856163024902"><testcase name="API_01" classname="API" time="0.6130423545837402" /><testcase name="API_02" classname="API" time="0.32684326171875"><failure message="Expected: GREATER_THAN, Got: 20">Expected: GREATER_THAN, Got: 20</failure></testcase></testsuite><testsuite name="ETL" tests="2" failures="0" time="0.0009942054748535156"><testcase name="ETL_01" classname="ETL" time="0.0006709098815917969" /><testcase name="ETL_02" classname="ETL" time="0.00032329559326171875" /></testsuite><testsuite name="INTEGRATION" tests="2" failures="1" time="0.0005667209625244141"><testcase name="INT_01" classname="INTEGRATION" time="0.0003230571746826172"><failure message="Expected: EQUAL, Got: [&lt;sqlite3.Row object at 0x000001EAD0CFBD30&gt;]">Expected: EQUAL, Got: [&lt;sqlite3.Row object at 0x000001EAD0CFBD30&gt;]</failure></testcase><testcase name="INT_02" classname="INTEGRATION" time="0.00024366378784179688" /></testsuite><testsuite name="CROSS" tests="2" failures="0" time="0.664017915725708"><testcase name="CROSS_01" classname="CROSS" time="0.364229679107666" /><testcase name="CROSS_02" classname="CROSS" time="0.299788236618042" /></testsuite><testsuite name="PERFORMANCE" tests="1" failures="0" time="0.00034165382385253906"><testcase name="PERF_01" classname="PERFORMANCE" time="0.00034165382385253906" /></testsuite><testsuite name="QUALITY" tests="1" failures="0" time="0.0002460479736328125"><testcase name="QUAL_01" classname="QUALITY" time="0.0002460479736328125" /></testsuite></testsuites>