<?xml version='1.0' encoding='utf-8'?>
<testsuites name="ETL Test Results" timestamp="2026-01-20T14:31:13.802027" tests="7" failures="4" time="0.0017783641815185547"><testsuite name="accommodation" tests="2" failures="1" time="0.0005784034729003906"><testcase name="ACC_01" classname="accommodation" time="0.00031566619873046875" /><testcase name="ACC_02" classname="accommodation" time="0.0002627372741699219"><failure message="Expected: NOT_EQUAL, Got: [&lt;sqlite3.Row object at 0x000002436CFBC1F0&gt;]">Expected: NOT_EQUAL, Got: [&lt;sqlite3.Row object at 0x000002436CFBC1F0&gt;]</failure></testcase></testsuite><testsuite name="flight" tests="1" failures="0" time="0.0002739429473876953"><testcase name="FLT_01" classname="flight" time="0.0002739429473876953" /></testsuite><testsuite name="pricing" tests="2" failures="1" time="0.00045752525329589844"><testcase name="PRC_01" classname="pricing" time="0.0002410411834716797"><failure message="Expected: EQUAL, Got: [&lt;sqlite3.Row object at 0x000002436CFBC340&gt;]">Expected: EQUAL, Got: [&lt;sqlite3.Row object at 0x000002436CFBC340&gt;]</failure></testcase><testcase name="PRC_02" classname="pricing" time="0.00021648406982421875" /></testsuite><testsuite name="general" tests="2" failures="2" time="0.0004684925079345703"><testcase name="GEN_01" classname="general" time="0.0002295970916748047"><failure message="Expected: EQUAL, Got: [&lt;sqlite3.Row object at 0x000002436CFBC460&gt;]">Expected: EQUAL, Got: [&lt;sqlite3.Row object at 0x000002436CFBC460&gt;]</failure></testcase><testcase name="GEN_02" classname="general" time="0.00023889541625976562"><failure message="Expected: NOT_EQUAL, Got: [&lt;sqlite3.Row object at 0x000002436CFBC4F0&gt;]">Expected: NOT_EQUAL, Got: [&lt;sqlite3.Row object at 0x000002436CFBC4F0&gt;]</failure></testcase></testsuite></testsuites>