<?xml version='1.0' encoding='utf-8'?>
<testsuites name="ETL Test Results" timestamp="2026-01-20T15:21:22.475156" tests="10" failures="6" time="0.003796815872192383"><testsuite name="accommodation" tests="2" failures="1" time="0.0011222362518310547"><testcase name="ACC_01" classname="accommodation" time="0.0008118152618408203" /><testcase name="ACC_02" classname="accommodation" time="0.0003104209899902344"><failure message="Expected: NOT_EQUAL, Got: [&lt;sqlite3.Row object at 0x0000020FE5751300&gt;]">Expected: NOT_EQUAL, Got: [&lt;sqlite3.Row object at 0x0000020FE5751300&gt;]</failure></testcase></testsuite><testsuite name="flight" tests="1" failures="0" time="0.0002799034118652344"><testcase name="FLT_01" classname="flight" time="0.0002799034118652344" /></testsuite><testsuite name="pricing" tests="2" failures="1" time="0.0007078647613525391"><testcase name="PRC_01" classname="pricing" time="0.00025844573974609375"><failure message="Expected: EQUAL, Got: [&lt;sqlite3.Row object at 0x0000020FE5751390&gt;]">Expected: EQUAL, Got: [&lt;sqlite3.Row object at 0x0000020FE5751390&gt;]</failure></testcase><testcase name="PRC_02" classname="pricing" time="0.0004494190216064453" /></testsuite><testsuite name="general" tests="2" failures="2" time="0.0005040168762207031"><testcase name="GEN_01" classname="general" time="0.0002639293670654297"><failure message="Expected: EQUAL, Got: [&lt;sqlite3.Row object at 0x0000020FE57514B0&gt;]">Expected: EQUAL, Got: [&lt;sqlite3.Row object at 0x0000020FE57514B0&gt;]</failure></testcase><testcase name="GEN_02" classname="general" time="0.00024008750915527344"><failure message="Expected: NOT_EQUAL, Got: [&lt;sqlite3.Row object at 0x0000020FE5751540&gt;]">Expected: NOT_EQUAL, Got: [&lt;sqlite3.Row object at 0x0000020FE5751540&gt;]</failure></testcase></testsuite><testsuite name="integration" tests="3" failures="2" time="0.0011827945709228516"><testcase name="INT_01" classname="integration" time="0.0006005764007568359"><failure message="Expected: EQUAL, Got: [&lt;sqlite3.Row object at 0x0000020FE57515D0&gt;]">Expected: EQUAL, Got: [&lt;sqlite3.Row object at 0x0000020FE57515D0&gt;]</failure></testcase><testcase name="INT_02" classname="integration" time="0.0003223419189453125" /><testcase name="INT_03" classname="integration" time="0.0002598762512207031"><failure message="Expected: EQUAL, Got: [&lt;sqlite3.Row object at 0x0000020FE57516F0&gt;]">Expected: EQUAL, Got: [&lt;sqlite3.Row object at 0x0000020FE57516F0&gt;]</failure></testcase></testsuite></testsuites>